[      21ms] [ERROR] Failed to load resource: the server responded with a status of 500 (Internal Server Error) @ http://web.localhost:1355/:0
[      50ms] Error: ./apps/web/app/globals.css
Error evaluating Node.js code
CssSyntaxError: tailwindcss: /Users/stuartfinley/code/gpamn/apps/web/app/globals.css:1:1: Can't resolve '@repo/ui/styles/globals.css' in '/Users/stuartfinley/code/gpamn/apps/web/app'
    [at Input.error (turbopack:///[project]/node_modules/.pnpm/postcss@8.4.31/node_modules/postcss/lib/input.js:106:16)]
    [at Root.error (turbopack:///[project]/node_modules/.pnpm/postcss@8.4.31/node_modules/postcss/lib/node.js:115:32)]
    [at Object.Once (/Users/stuartfinley/code/gpamn/node_modules/.pnpm/@tailwindcss+postcss@4.2.1/node_modules/@tailwindcss/postcss/dist/index.js:10:6913)]
    [at process.processTicksAndRejections (node:internal/process/task_queues:103:5)]
    [at async LazyResult.runAsync (turbopack:///[project]/node_modules/.pnpm/postcss@8.4.31/node_modules/postcss/lib/lazy-result.js:261:11)]
    [at async transform (turbopack:///[turbopack-node]/transforms/postcss.ts:70:34)]
    [at async run (turbopack:///[turbopack-node]/ipc/evaluate.ts:92:23)]

Import trace:
  Client Component Browser:
    ./apps/web/app/globals.css [Client Component Browser]
    ./apps/web/app/layout.tsx [Server Component]


    at Object.getCompilationErrors (file:///Users/stuartfinley/code/gpamn/node_modules/.pnpm/next@16.1.6_@babel+core@7.29.0_@playwright+test@1.58.2_react-dom@19.2.4_react@19.2.4__react@19.2.4/node_modules/next/dist/server/dev/hot-reloader-turbopack.js:1008:59)
    at DevBundlerService.getCompilationError (file:///Users/stuartfinley/code/gpamn/node_modules/.pnpm/next@16.1.6_@babel+core@7.29.0_@playwright+test@1.58.2_react-dom@19.2.4_react@19.2.4__react@19.2.4/node_modules/next/dist/server/lib/dev-bundler-service.js:44:55)
    at DevServer.getCompilationError (file:///Users/stuartfinley/code/gpamn/node_modules/.pnpm/next@16.1.6_@babel+core@7.29.0_@playwright+test@1.58.2_react-dom@19.2.4_react@19.2.4__react@19.2.4/node_modules/next/dist/server/dev/next-dev-server.js:706:42)
    at DevServer.findPageComponents (file:///Users/stuartfinley/code/gpamn/node_modules/.pnpm/next@16.1.6_@babel+core@7.29.0_@playwright+test@1.58.2_react-dom@19.2.4_react@19.2.4__react@19.2.4/node_modules/next/dist/server/dev/next-dev-server.js:676:43)
    at async DevServer.renderErrorToResponseImpl (file:///Users/stuartfinley/code/gpamn/node_modules/.pnpm/next@16.1.6_@babel+core@7.29.0_@playwright+test@1.58.2_react-dom@19.2.4_react@19.2.4__react@19.2.4/node_modules/next/dist/server/base-server.js:1733:26)
[      49ms] [ERROR] ./apps/web/app/globals.css
Error evaluating Node.js code
CssSyntaxError: tailwindcss: /Users/stuartfinley/code/gpamn/apps/web/app/globals.css:1:1: Can't resolve '@repo/ui/styles/globals.css' in '/Users/stuartfinley/code/gpamn/apps/web/app'
    [at Input.error (turbopack:///[project]/node_modules/.pnpm/postcss@8.4.31/node_modules/postcss/lib/input.js:106:16)]
    [at Root.error (turbopack:///[project]/node_modules/.pnpm/postcss@8.4.31/node_modules/postcss/lib/node.js:115:32)]
    [at Object.Once (/Users/stuartfinley/code/gpamn/node_modules/.pnpm/@tailwindcss+postcss@4.2.1/node_modules/@tailwindcss/postcss/dist/index.js:10:6913)]
    [at process.processTicksAndRejections (node:internal/process/task_queues:103:5)]
    [at async LazyResult.runAsync (turbopack:///[project]/node_modules/.pnpm/postcss@8.4.31/node_modules/postcss/lib/lazy-result.js:261:11)]
    [at async transform (turbopack:///[turbopack-node]/transforms/postcss.ts:70:34)]
    [at async run (turbopack:///[turbopack-node]/ipc/evaluate.ts:92:23)]

Import trace:
  Client Component Browser:
    ./apps/web/app/globals.css [Client Component Browser]
    ./apps/web/app/layout.tsx [Server Component] @ http://web.localhost:1355/_next/static/chunks/8798e_next_dist_9f9333f9._.js:1920
[      82ms] [ERROR] ./apps/web/app/globals.css
Error evaluating Node.js code
CssSyntaxError: tailwindcss: /Users/stuartfinley/code/gpamn/apps/web/app/globals.css:1:1: Can't resolve '@repo/ui/styles/globals.css' in '/Users/stuartfinley/code/gpamn/apps/web/app'
    [at Input.error (turbopack:///[project]/node_modules/.pnpm/postcss@8.4.31/node_modules/postcss/lib/input.js:106:16)]
    [at Root.error (turbopack:///[project]/node_modules/.pnpm/postcss@8.4.31/node_modules/postcss/lib/node.js:115:32)]
    [at Object.Once (/Users/stuartfinley/code/gpamn/node_modules/.pnpm/@tailwindcss+postcss@4.2.1/node_modules/@tailwindcss/postcss/dist/index.js:10:6913)]
    [at process.processTicksAndRejections (node:internal/process/task_queues:103:5)]
    [at async LazyResult.runAsync (turbopack:///[project]/node_modules/.pnpm/postcss@8.4.31/node_modules/postcss/lib/lazy-result.js:261:11)]
    [at async transform (turbopack:///[turbopack-node]/transforms/postcss.ts:70:34)]
    [at async run (turbopack:///[turbopack-node]/ipc/evaluate.ts:92:23)]

Import trace:
  Client Component Browser:
    ./apps/web/app/globals.css [Client Component Browser]
    ./apps/web/app/layout.tsx [Server Component] @ http://web.localhost:1355/_next/static/chunks/8798e_next_dist_9f9333f9._.js:1920
